0 info it worked if it ends with ok
1 verbose cli [ '/data/bin/node', '/data/bin/npm', 'start' ]
2 info using npm@4.1.2
3 info using node@v7.5.0
4 verbose run-script [ 'prestart', 'start', 'poststart' ]
5 info lifecycle discursive@0.0.0~prestart: discursive@0.0.0
6 silly lifecycle discursive@0.0.0~prestart: no script for prestart, continuing
7 info lifecycle discursive@0.0.0~start: discursive@0.0.0
8 verbose lifecycle discursive@0.0.0~start: unsafe-perm in lifecycle true
9 verbose lifecycle discursive@0.0.0~start: PATH: /data/lib/node_modules/npm/bin/node-gyp-bin:/app/node_modules/.bin:/app/node_modules/.bin:node_modules/.bin:/data/sbin:/data/bin:/opt/gonano/sbin:/opt/gonano/bin:/usr/local/sbin:/usr/local/bin:/usr/sbin:/usr/bin:/sbin:/bin
10 verbose lifecycle discursive@0.0.0~start: CWD: /app
11 silly lifecycle discursive@0.0.0~start: Args: [ '-c', 'node ./bin/www' ]
12 silly lifecycle discursive@0.0.0~start: Returned: code: 1  signal: null
13 info lifecycle discursive@0.0.0~start: Failed to exec start script
14 verbose stack Error: discursive@0.0.0 start: `node ./bin/www`
14 verbose stack Exit status 1
14 verbose stack     at EventEmitter.<anonymous> (/data/lib/node_modules/npm/lib/utils/lifecycle.js:279:16)
14 verbose stack     at emitTwo (events.js:106:13)
14 verbose stack     at EventEmitter.emit (events.js:192:7)
14 verbose stack     at ChildProcess.<anonymous> (/data/lib/node_modules/npm/lib/utils/spawn.js:40:14)
14 verbose stack     at emitTwo (events.js:106:13)
14 verbose stack     at ChildProcess.emit (events.js:192:7)
14 verbose stack     at maybeClose (internal/child_process.js:890:16)
14 verbose stack     at Process.ChildProcess._handle.onexit (internal/child_process.js:226:5)
15 verbose pkgid discursive@0.0.0
16 verbose cwd /app
17 error Linux 4.4.24-boot2docker
18 error argv "/data/bin/node" "/data/bin/npm" "start"
19 error node v7.5.0
20 error npm  v4.1.2
21 error code ELIFECYCLE
22 error discursive@0.0.0 start: `node ./bin/www`
22 error Exit status 1
23 error Failed at the discursive@0.0.0 start script 'node ./bin/www'.
23 error Make sure you have the latest version of node.js and npm installed.
23 error If you do, this is most likely a problem with the discursive package,
23 error not with npm itself.
23 error Tell the author that this fails on your system:
23 error     node ./bin/www
23 error You can get information on how to open an issue for this project with:
23 error     npm bugs discursive
23 error Or if that isn't available, you can get their info via:
23 error     npm owner ls discursive
23 error There is likely additional logging output above.
24 verbose exit [ 1, true ]
